<?xml version="1.0" encoding="UTF-8"?>
<!-- Generated by org.testng.reporters.JUnitXMLReporter -->
<testsuite ignored="0" hostname="DESKTOP-G40R6I1" failures="0" tests="9" name="Default test" time="41.323" errors="0" timestamp="2025-04-22T17:17:35 SGT">
  <testcase classname="run.Elements" name="textBoxM" time="23.393"/>
  <testcase classname="run.Elements" name="textBoxPage" time="0.682"/>
  <testcase classname="run.Elements" name="checkBoxM" time="1.021"/>
  <testcase classname="run.Elements" name="radioButtonM" time="0.399"/>
  <testcase classname="run.Elements" name="webTableM" time="2.203"/>
  <testcase classname="run.Elements" name="buttonM" time="0.703"/>
  <testcase classname="run.Elements" name="linkModule" time="5.516"/>
  <testcase classname="run.Elements" name="brokenLinkModule" time="7.057"/>
  <testcase classname="run.Elements" name="uploadAndDownloadModule" time="0.253"/>
</testsuite> <!-- Default test -->
