<?xml version="1.0" encoding="UTF-8"?>
<!-- Generated by org.testng.reporters.JUnitXMLReporter -->
<testsuite ignored="0" hostname="DESKTOP-G40R6I1" failures="0" tests="8" name="Default test" time="149.342" errors="0" timestamp="2025-03-26T14:55:23 SGT">
  <testcase classname="run.Elements" name="textBoxM" time="100.771"/>
  <testcase classname="run.Elements" name="textBoxPage" time="0.612"/>
  <testcase classname="run.Elements" name="checkBoxM" time="1.18"/>
  <testcase classname="run.Elements" name="radioButtonM" time="0.293"/>
  <testcase classname="run.Elements" name="webTableM" time="2.024"/>
  <testcase classname="run.Elements" name="buttonM" time="0.532"/>
  <testcase classname="run.Elements" name="linkModule" time="18.314"/>
  <testcase classname="run.Elements" name="brokenLinkModule" time="25.535"/>
</testsuite> <!-- Default test -->
