<?xml version="1.0" encoding="UTF-8"?>
<!-- Generated by org.testng.reporters.JUnitXMLReporter -->
<testsuite ignored="0" hostname="DESKTOP-G40R6I1" failures="0" tests="7" name="Test" time="38.036" errors="0" timestamp="2025-03-16T17:51:01 SGT">
  <testcase classname="run.Elements" name="textBoxM" time="20.83"/>
  <testcase classname="run.Elements" name="textBoxPage" time="0.628"/>
  <testcase classname="run.Elements" name="checkBoxM" time="0.888"/>
  <testcase classname="run.Elements" name="radioButtonM" time="0.285"/>
  <testcase classname="run.Elements" name="webTableM" time="2.023"/>
  <testcase classname="run.Elements" name="buttonM" time="0.559"/>
  <testcase classname="run.Elements" name="linkModule" time="12.771"/>
</testsuite> <!-- Test -->
