<?xml version="1.0" encoding="UTF-8"?>
<testng-results ignored="0" total="9" passed="9" failed="0" skipped="0">
  <reporter-output>
  </reporter-output>
  <suite started-at="2025-04-22T17:16:54 SGT" name="Default suite" finished-at="2025-04-22T17:17:35 SGT" duration-ms="41323">
    <groups>
    </groups>
    <test started-at="2025-04-22T17:16:54 SGT" name="Default test" finished-at="2025-04-22T17:17:35 SGT" duration-ms="41323">
      <class name="run.Elements">
        <test-method is-config="true" signature="setUp()[pri:0, instance:run.Elements@2dc54ad4]" started-at="2025-04-22T17:16:51 SGT" name="setUp" finished-at="2025-04-22T17:16:54 SGT" duration-ms="2193" status="PASS">
          <reporter-output>
          </reporter-output>
        </test-method> <!-- setUp -->
        <test-method signature="textBoxM()[pri:0, instance:run.Elements@2dc54ad4]" started-at="2025-04-22T17:16:54 SGT" name="textBoxM" finished-at="2025-04-22T17:17:17 SGT" duration-ms="23393" status="PASS">
          <reporter-output>
          </reporter-output>
        </test-method> <!-- textBoxM -->
        <test-method signature="textBoxPage(java.lang.String,java.lang.String,java.lang.String,java.lang.String)[pri:1, instance:run.Elements@2dc54ad4]" started-at="2025-04-22T17:17:17 SGT" name="textBoxPage" data-provider="TextBox" finished-at="2025-04-22T17:17:18 SGT" duration-ms="682" status="PASS">
          <params>
            <param index="0">
              <value>
                <![CDATA[kundan]]>
              </value>
            </param>
            <param index="1">
              <value>
                <![CDATA[potatao@gmail.com]]>
              </value>
            </param>
            <param index="2">
              <value>
                <![CDATA[poo pandhal teru]]>
              </value>
            </param>
            <param index="3">
              <value>
                <![CDATA[kotameadu]]>
              </value>
            </param>
          </params>
          <reporter-output>
          </reporter-output>
        </test-method> <!-- textBoxPage -->
        <test-method signature="checkBoxM()[pri:2, instance:run.Elements@2dc54ad4]" started-at="2025-04-22T17:17:18 SGT" name="checkBoxM" finished-at="2025-04-22T17:17:19 SGT" duration-ms="1021" status="PASS">
          <reporter-output>
          </reporter-output>
        </test-method> <!-- checkBoxM -->
        <test-method signature="radioButtonM()[pri:3, instance:run.Elements@2dc54ad4]" started-at="2025-04-22T17:17:19 SGT" name="radioButtonM" finished-at="2025-04-22T17:17:19 SGT" duration-ms="399" status="PASS">
          <reporter-output>
          </reporter-output>
        </test-method> <!-- radioButtonM -->
        <test-method signature="webTableM()[pri:4, instance:run.Elements@2dc54ad4]" started-at="2025-04-22T17:17:19 SGT" name="webTableM" finished-at="2025-04-22T17:17:21 SGT" duration-ms="2203" status="PASS">
          <reporter-output>
          </reporter-output>
        </test-method> <!-- webTableM -->
        <test-method signature="buttonM()[pri:5, instance:run.Elements@2dc54ad4]" started-at="2025-04-22T17:17:21 SGT" name="buttonM" finished-at="2025-04-22T17:17:22 SGT" duration-ms="703" status="PASS">
          <reporter-output>
          </reporter-output>
        </test-method> <!-- buttonM -->
        <test-method signature="linkModule()[pri:6, instance:run.Elements@2dc54ad4]" started-at="2025-04-22T17:17:22 SGT" name="linkModule" finished-at="2025-04-22T17:17:28 SGT" duration-ms="5516" status="PASS">
          <reporter-output>
          </reporter-output>
        </test-method> <!-- linkModule -->
        <test-method signature="brokenLinkModule()[pri:7, instance:run.Elements@2dc54ad4]" started-at="2025-04-22T17:17:28 SGT" name="brokenLinkModule" finished-at="2025-04-22T17:17:35 SGT" duration-ms="7057" status="PASS">
          <reporter-output>
          </reporter-output>
        </test-method> <!-- brokenLinkModule -->
        <test-method signature="uploadAndDownloadModule()[pri:8, instance:run.Elements@2dc54ad4]" started-at="2025-04-22T17:17:35 SGT" name="uploadAndDownloadModule" finished-at="2025-04-22T17:17:35 SGT" duration-ms="253" status="PASS">
          <reporter-output>
          </reporter-output>
        </test-method> <!-- uploadAndDownloadModule -->
        <test-method is-config="true" signature="tearDown()[pri:0, instance:run.Elements@2dc54ad4]" started-at="2025-04-22T17:17:35 SGT" name="tearDown" finished-at="2025-04-22T17:17:36 SGT" duration-ms="516" status="PASS">
          <reporter-output>
          </reporter-output>
        </test-method> <!-- tearDown -->
      </class> <!-- run.Elements -->
    </test> <!-- Default test -->
  </suite> <!-- Default suite -->
</testng-results>
